<?xml version="1.0" encoding="UTF-8" ?>
<testsuite tests="8" failures="0" name="com.IanFlanagan.ApplicationTest" time="39.246" errors="1" skipped="0">
  <properties>
[...]
</properties>
  <testcase classname="com.IanFlanagan.ApplicationTest" name="createErrorsRB" time="8.874"/>
  <testcase classname="com.IanFlanagan.ApplicationTest" name="printName" time="0"/>
  <testcase classname="com.IanFlanagan.ApplicationTest" name="createFileNotFoundErrors" time="0"/>
  <testcase classname="com.IanFlanagan.ApplicationTest" name="createErrorsAccessException" time="0.004">
    <error message="class java.util.HashMap cannot be cast to class com.rollbar.notifier.provider.Provider (java.util.HashMap is in module java.base of loader &apos;bootstrap&apos;; com.rollbar.notifier.provider.Provider is in unnamed module of loader &apos;app&apos;)" type="java.lang.ClassCastException">java.lang.ClassCastException: class java.util.HashMap cannot be cast to class com.rollbar.notifier.provider.Provider (java.util.HashMap is in module java.base of loader &apos;bootstrap&apos;; com.rollbar.notifier.provider.Provider is in unnamed module of loader &apos;app&apos;)
	at com.IanFlanagan.ApplicationTest.createErrorsAccessException(ApplicationTest.java:56)
	at java.base/jdk.internal.reflect.NativeMethodAccessorImpl.invoke0(Native Method)
	at java.base/jdk.internal.reflect.NativeMethodAccessorImpl.invoke(NativeMethodAccessorImpl.java:62)
	at java.base/jdk.internal.reflect.DelegatingMethodAccessorImpl.invoke(DelegatingMethodAccessorImpl.java:43)
	at java.base/java.lang.reflect.Method.invoke(Method.java:564)
	at org.junit.runners.model.FrameworkMethod$1.runReflectiveCall(FrameworkMethod.java:50)
	at org.junit.internal.runners.model.ReflectiveCallable.run(ReflectiveCallable.java:12)
	at org.junit.runners.model.FrameworkMethod.invokeExplosively(FrameworkMethod.java:47)
	at org.junit.internal.runners.statements.InvokeMethod.evaluate(InvokeMethod.java:17)
	at org.junit.runners.ParentRunner.runLeaf(ParentRunner.java:325)
	at org.junit.runners.BlockJUnit4ClassRunner.runChild(BlockJUnit4ClassRunner.java:78)
	at org.junit.runners.BlockJUnit4ClassRunner.runChild(BlockJUnit4ClassRunner.java:57)
	at org.junit.runners.ParentRunner$3.run(ParentRunner.java:290)
	at org.junit.runners.ParentRunner$1.schedule(ParentRunner.java:71)
	at org.junit.runners.ParentRunner.runChildren(ParentRunner.java:288)
	at org.junit.runners.ParentRunner.access$000(ParentRunner.java:58)
	at org.junit.runners.ParentRunner$2.evaluate(ParentRunner.java:268)
	at org.junit.runners.ParentRunner.run(ParentRunner.java:363)
	at org.apache.maven.surefire.junit4.JUnit4Provider.execute(JUnit4Provider.java:252)
	at org.apache.maven.surefire.junit4.JUnit4Provider.executeTestSet(JUnit4Provider.java:141)
	at org.apache.maven.surefire.junit4.JUnit4Provider.invoke(JUnit4Provider.java:112)
	at java.base/jdk.internal.reflect.NativeMethodAccessorImpl.invoke0(Native Method)
	at java.base/jdk.internal.reflect.NativeMethodAccessorImpl.invoke(NativeMethodAccessorImpl.java:62)
	at java.base/jdk.internal.reflect.DelegatingMethodAccessorImpl.invoke(DelegatingMethodAccessorImpl.java:43)
	at java.base/java.lang.reflect.Method.invoke(Method.java:564)
	at org.apache.maven.surefire.util.ReflectionUtils.invokeMethodWithArray(ReflectionUtils.java:189)
	at org.apache.maven.surefire.booter.ProviderFactory$ProviderProxy.invoke(ProviderFactory.java:165)
	at org.apache.maven.surefire.booter.ProviderFactory.invokeProvider(ProviderFactory.java:85)
	at org.apache.maven.surefire.booter.ForkedBooter.runSuitesInProcess(ForkedBooter.java:115)
	at org.apache.maven.surefire.booter.ForkedBooter.main(ForkedBooter.java:75)
</error>
    <system-out>Starting rollbar test to call createMoreErrors() method
</system-out>
  </testcase>
  <testcase classname="com.IanFlanagan.ApplicationTest" name="createMoreIOErrors" time="0.005"/>
  <testcase classname="com.IanFlanagan.ApplicationTest" name="createMoreSQLExErrors" time="0.003"/>
  <testcase classname="com.IanFlanagan.ApplicationTest" name="createMoreErrors" time="0.001"/>
  <testcase classname="com.IanFlanagan.ApplicationTest" name="generateData" time="30.359"/>
</testsuite>